<?xml version="1.0" encoding="UTF-8"?>
<testng-results ignored="0" total="15" passed="15" failed="0" skipped="0">
  <reporter-output>
  </reporter-output>
  <suite started-at="2022-08-17T10:16:33 IST" name="Command line suite" finished-at="2022-08-17T10:16:40 IST" duration-ms="6764">
    <groups>
      <group name="cucumber">
        <method signature="AbstractTestNGCucumberTests.runScenario(io.cucumber.testng.PickleWrapper,io.cucumber.testng.FeatureWrapper)[pri:0, instance:runner.TestRunner@157632c9]" name="runScenario" class="io.cucumber.testng.AbstractTestNGCucumberTests"/>
      </group> <!-- cucumber -->
    </groups>
    <test started-at="2022-08-17T10:16:33 IST" name="Command line test" finished-at="2022-08-17T10:16:40 IST" duration-ms="6764">
      <class name="runner.TestRunner">
        <test-method is-config="true" signature="setUpClass()[pri:0, instance:runner.TestRunner@157632c9]" started-at="2022-08-17T10:16:33 IST" name="setUpClass" finished-at="2022-08-17T10:16:34 IST" duration-ms="351" status="PASS">
          <reporter-output>
          </reporter-output>
        </test-method> <!-- setUpClass -->
        <test-method signature="runScenario(io.cucumber.testng.PickleWrapper,io.cucumber.testng.FeatureWrapper)[pri:0, instance:runner.TestRunner@157632c9]" started-at="2022-08-17T10:16:34 IST" name="runScenario" description="Runs Cucumber Scenarios" data-provider="scenarios" finished-at="2022-08-17T10:16:35 IST" duration-ms="1327" status="PASS">
          <params>
            <param index="0">
              <value>
                <![CDATA["Verify that a Employee is created"]]>
              </value>
            </param>
            <param index="1">
              <value>
                <![CDATA["Optional[EmployeeController Feature]"]]>
              </value>
            </param>
          </params>
          <reporter-output>
          </reporter-output>
        </test-method> <!-- runScenario -->
        <test-method signature="runScenario(io.cucumber.testng.PickleWrapper,io.cucumber.testng.FeatureWrapper)[pri:0, instance:runner.TestRunner@157632c9]" started-at="2022-08-17T10:16:35 IST" name="runScenario" description="Runs Cucumber Scenarios" data-provider="scenarios" finished-at="2022-08-17T10:16:35 IST" duration-ms="229" status="PASS">
          <params>
            <param index="0">
              <value>
                <![CDATA["Verify that a Employee is updated"]]>
              </value>
            </param>
            <param index="1">
              <value>
                <![CDATA["Optional[EmployeeController Feature]"]]>
              </value>
            </param>
          </params>
          <reporter-output>
          </reporter-output>
        </test-method> <!-- runScenario -->
        <test-method signature="runScenario(io.cucumber.testng.PickleWrapper,io.cucumber.testng.FeatureWrapper)[pri:0, instance:runner.TestRunner@157632c9]" started-at="2022-08-17T10:16:35 IST" name="runScenario" description="Runs Cucumber Scenarios" data-provider="scenarios" finished-at="2022-08-17T10:16:35 IST" duration-ms="193" status="PASS">
          <params>
            <param index="0">
              <value>
                <![CDATA["Verify that a Employee is deleted"]]>
              </value>
            </param>
            <param index="1">
              <value>
                <![CDATA["Optional[EmployeeController Feature]"]]>
              </value>
            </param>
          </params>
          <reporter-output>
          </reporter-output>
        </test-method> <!-- runScenario -->
        <test-method signature="runScenario(io.cucumber.testng.PickleWrapper,io.cucumber.testng.FeatureWrapper)[pri:0, instance:runner.TestRunner@157632c9]" started-at="2022-08-17T10:16:35 IST" name="runScenario" description="Runs Cucumber Scenarios" data-provider="scenarios" finished-at="2022-08-17T10:16:36 IST" duration-ms="191" status="PASS">
          <params>
            <param index="0">
              <value>
                <![CDATA["Verify that error is thrown when firstName is not given While Creating a Employee"]]>
              </value>
            </param>
            <param index="1">
              <value>
                <![CDATA["Optional[EmployeeController Feature]"]]>
              </value>
            </param>
          </params>
          <reporter-output>
          </reporter-output>
        </test-method> <!-- runScenario -->
        <test-method signature="runScenario(io.cucumber.testng.PickleWrapper,io.cucumber.testng.FeatureWrapper)[pri:0, instance:runner.TestRunner@157632c9]" started-at="2022-08-17T10:16:36 IST" name="runScenario" description="Runs Cucumber Scenarios" data-provider="scenarios" finished-at="2022-08-17T10:16:36 IST" duration-ms="199" status="PASS">
          <params>
            <param index="0">
              <value>
                <![CDATA["Verify that error is thrown when lastName is not given While Creating a Employee"]]>
              </value>
            </param>
            <param index="1">
              <value>
                <![CDATA["Optional[EmployeeController Feature]"]]>
              </value>
            </param>
          </params>
          <reporter-output>
          </reporter-output>
        </test-method> <!-- runScenario -->
        <test-method signature="runScenario(io.cucumber.testng.PickleWrapper,io.cucumber.testng.FeatureWrapper)[pri:0, instance:runner.TestRunner@157632c9]" started-at="2022-08-17T10:16:36 IST" name="runScenario" description="Runs Cucumber Scenarios" data-provider="scenarios" finished-at="2022-08-17T10:16:36 IST" duration-ms="196" status="PASS">
          <params>
            <param index="0">
              <value>
                <![CDATA["Verify that error is thrown when address is not given While Creating a Employee"]]>
              </value>
            </param>
            <param index="1">
              <value>
                <![CDATA["Optional[EmployeeController Feature]"]]>
              </value>
            </param>
          </params>
          <reporter-output>
          </reporter-output>
        </test-method> <!-- runScenario -->
        <test-method signature="runScenario(io.cucumber.testng.PickleWrapper,io.cucumber.testng.FeatureWrapper)[pri:0, instance:runner.TestRunner@157632c9]" started-at="2022-08-17T10:16:36 IST" name="runScenario" description="Runs Cucumber Scenarios" data-provider="scenarios" finished-at="2022-08-17T10:16:36 IST" duration-ms="184" status="PASS">
          <params>
            <param index="0">
              <value>
                <![CDATA["Verify that error is thrown when phoneNumber is not given While Creating a Employee"]]>
              </value>
            </param>
            <param index="1">
              <value>
                <![CDATA["Optional[EmployeeController Feature]"]]>
              </value>
            </param>
          </params>
          <reporter-output>
          </reporter-output>
        </test-method> <!-- runScenario -->
        <test-method signature="runScenario(io.cucumber.testng.PickleWrapper,io.cucumber.testng.FeatureWrapper)[pri:0, instance:runner.TestRunner@157632c9]" started-at="2022-08-17T10:16:36 IST" name="runScenario" description="Runs Cucumber Scenarios" data-provider="scenarios" finished-at="2022-08-17T10:16:36 IST" duration-ms="186" status="PASS">
          <params>
            <param index="0">
              <value>
                <![CDATA["Verify that error is thrown when ID is not given While Updating a Employee"]]>
              </value>
            </param>
            <param index="1">
              <value>
                <![CDATA["Optional[EmployeeController Feature]"]]>
              </value>
            </param>
          </params>
          <reporter-output>
          </reporter-output>
        </test-method> <!-- runScenario -->
        <test-method signature="runScenario(io.cucumber.testng.PickleWrapper,io.cucumber.testng.FeatureWrapper)[pri:0, instance:runner.TestRunner@157632c9]" started-at="2022-08-17T10:16:36 IST" name="runScenario" description="Runs Cucumber Scenarios" data-provider="scenarios" finished-at="2022-08-17T10:16:36 IST" duration-ms="181" status="PASS">
          <params>
            <param index="0">
              <value>
                <![CDATA["Verify that error is thrown when ID is not given While Deleting a Employee"]]>
              </value>
            </param>
            <param index="1">
              <value>
                <![CDATA["Optional[EmployeeController Feature]"]]>
              </value>
            </param>
          </params>
          <reporter-output>
          </reporter-output>
        </test-method> <!-- runScenario -->
        <test-method signature="runScenario(io.cucumber.testng.PickleWrapper,io.cucumber.testng.FeatureWrapper)[pri:0, instance:runner.TestRunner@157632c9]" started-at="2022-08-17T10:16:36 IST" name="runScenario" description="Runs Cucumber Scenarios" data-provider="scenarios" finished-at="2022-08-17T10:16:37 IST" duration-ms="239" status="PASS">
          <params>
            <param index="0">
              <value>
                <![CDATA["Verify that a user not able to get the details of Employees by using invalid endpoint"]]>
              </value>
            </param>
            <param index="1">
              <value>
                <![CDATA["Optional[EmployeeController Feature]"]]>
              </value>
            </param>
          </params>
          <reporter-output>
          </reporter-output>
        </test-method> <!-- runScenario -->
        <test-method signature="runScenario(io.cucumber.testng.PickleWrapper,io.cucumber.testng.FeatureWrapper)[pri:0, instance:runner.TestRunner@157632c9]" started-at="2022-08-17T10:16:37 IST" name="runScenario" description="Runs Cucumber Scenarios" data-provider="scenarios" finished-at="2022-08-17T10:16:37 IST" duration-ms="190" status="PASS">
          <params>
            <param index="0">
              <value>
                <![CDATA["Verify that error is thrown when firstName is not given While Updating a Employee"]]>
              </value>
            </param>
            <param index="1">
              <value>
                <![CDATA["Optional[EmployeeController Feature]"]]>
              </value>
            </param>
          </params>
          <reporter-output>
          </reporter-output>
        </test-method> <!-- runScenario -->
        <test-method signature="runScenario(io.cucumber.testng.PickleWrapper,io.cucumber.testng.FeatureWrapper)[pri:0, instance:runner.TestRunner@157632c9]" started-at="2022-08-17T10:16:37 IST" name="runScenario" description="Runs Cucumber Scenarios" data-provider="scenarios" finished-at="2022-08-17T10:16:37 IST" duration-ms="153" status="PASS">
          <params>
            <param index="0">
              <value>
                <![CDATA["Verify that error is thrown when lastName is not given While Updating a Employee"]]>
              </value>
            </param>
            <param index="1">
              <value>
                <![CDATA["Optional[EmployeeController Feature]"]]>
              </value>
            </param>
          </params>
          <reporter-output>
          </reporter-output>
        </test-method> <!-- runScenario -->
        <test-method signature="runScenario(io.cucumber.testng.PickleWrapper,io.cucumber.testng.FeatureWrapper)[pri:0, instance:runner.TestRunner@157632c9]" started-at="2022-08-17T10:16:37 IST" name="runScenario" description="Runs Cucumber Scenarios" data-provider="scenarios" finished-at="2022-08-17T10:16:37 IST" duration-ms="203" status="PASS">
          <params>
            <param index="0">
              <value>
                <![CDATA["Verify that a user able to get the details of Employees by using valid Endpoint"]]>
              </value>
            </param>
            <param index="1">
              <value>
                <![CDATA["Optional[EmployeeController Feature]"]]>
              </value>
            </param>
          </params>
          <reporter-output>
          </reporter-output>
        </test-method> <!-- runScenario -->
        <test-method signature="runScenario(io.cucumber.testng.PickleWrapper,io.cucumber.testng.FeatureWrapper)[pri:0, instance:runner.TestRunner@157632c9]" started-at="2022-08-17T10:16:37 IST" name="runScenario" description="Runs Cucumber Scenarios" data-provider="scenarios" finished-at="2022-08-17T10:16:37 IST" duration-ms="223" status="PASS">
          <params>
            <param index="0">
              <value>
                <![CDATA["Verify that error is thrown when phoneNumber is not given While Updating a Employee"]]>
              </value>
            </param>
            <param index="1">
              <value>
                <![CDATA["Optional[EmployeeController Feature]"]]>
              </value>
            </param>
          </params>
          <reporter-output>
          </reporter-output>
        </test-method> <!-- runScenario -->
        <test-method signature="runScenario(io.cucumber.testng.PickleWrapper,io.cucumber.testng.FeatureWrapper)[pri:0, instance:runner.TestRunner@157632c9]" started-at="2022-08-17T10:16:37 IST" name="runScenario" description="Runs Cucumber Scenarios" data-provider="scenarios" finished-at="2022-08-17T10:16:38 IST" duration-ms="213" status="PASS">
          <params>
            <param index="0">
              <value>
                <![CDATA["Verify that a user able to get the details of Employees without using ID"]]>
              </value>
            </param>
            <param index="1">
              <value>
                <![CDATA["Optional[EmployeeController Feature]"]]>
              </value>
            </param>
          </params>
          <reporter-output>
          </reporter-output>
        </test-method> <!-- runScenario -->
        <test-method is-config="true" signature="tearDownClass()[pri:0, instance:runner.TestRunner@157632c9]" started-at="2022-08-17T10:16:38 IST" name="tearDownClass" finished-at="2022-08-17T10:16:40 IST" duration-ms="1830" status="PASS">
          <reporter-output>
          </reporter-output>
        </test-method> <!-- tearDownClass -->
      </class> <!-- runner.TestRunner -->
    </test> <!-- Command line test -->
  </suite> <!-- Command line suite -->
</testng-results>
