<?xml version="1.0" encoding="UTF-8"?>
<testng-results ignored="0" total="15" passed="15" failed="0" skipped="0">
  <reporter-output>
  </reporter-output>
  <suite started-at="2022-08-16T18:10:22 IST" name="Default Suite" finished-at="2022-08-16T18:10:32 IST" duration-ms="9924">
    <groups>
      <group name="cucumber">
        <method signature="AbstractTestNGCucumberTests.runScenario(io.cucumber.testng.PickleWrapper,io.cucumber.testng.FeatureWrapper)[pri:0, instance:runner.TestRunner@4f638935]" name="runScenario" class="io.cucumber.testng.AbstractTestNGCucumberTests"/>
      </group> <!-- cucumber -->
    </groups>
    <test started-at="2022-08-16T18:10:22 IST" name="EmployeeController" finished-at="2022-08-16T18:10:32 IST" duration-ms="9924">
      <class name="runner.TestRunner">
        <test-method is-config="true" signature="setUpClass()[pri:0, instance:runner.TestRunner@4f638935]" started-at="2022-08-16T18:10:23 IST" name="setUpClass" finished-at="2022-08-16T18:10:23 IST" duration-ms="499" status="PASS">
          <reporter-output>
          </reporter-output>
        </test-method> <!-- setUpClass -->
        <test-method signature="runScenario(io.cucumber.testng.PickleWrapper,io.cucumber.testng.FeatureWrapper)[pri:0, instance:runner.TestRunner@4f638935]" started-at="2022-08-16T18:10:23 IST" name="runScenario" description="Runs Cucumber Scenarios" data-provider="scenarios" finished-at="2022-08-16T18:10:26 IST" duration-ms="2733" status="PASS">
          <params>
            <param index="0">
              <value>
                <![CDATA["Verify that a Employee is created"]]>
              </value>
            </param>
            <param index="1">
              <value>
                <![CDATA["Optional[EmployeeController Feature]"]]>
              </value>
            </param>
          </params>
          <reporter-output>
          </reporter-output>
        </test-method> <!-- runScenario -->
        <test-method signature="runScenario(io.cucumber.testng.PickleWrapper,io.cucumber.testng.FeatureWrapper)[pri:0, instance:runner.TestRunner@4f638935]" started-at="2022-08-16T18:10:26 IST" name="runScenario" description="Runs Cucumber Scenarios" data-provider="scenarios" finished-at="2022-08-16T18:10:26 IST" duration-ms="316" status="PASS">
          <params>
            <param index="0">
              <value>
                <![CDATA["Verify that a Employee is updated"]]>
              </value>
            </param>
            <param index="1">
              <value>
                <![CDATA["Optional[EmployeeController Feature]"]]>
              </value>
            </param>
          </params>
          <reporter-output>
          </reporter-output>
        </test-method> <!-- runScenario -->
        <test-method signature="runScenario(io.cucumber.testng.PickleWrapper,io.cucumber.testng.FeatureWrapper)[pri:0, instance:runner.TestRunner@4f638935]" started-at="2022-08-16T18:10:26 IST" name="runScenario" description="Runs Cucumber Scenarios" data-provider="scenarios" finished-at="2022-08-16T18:10:27 IST" duration-ms="289" status="PASS">
          <params>
            <param index="0">
              <value>
                <![CDATA["Verify that a Employee is deleted"]]>
              </value>
            </param>
            <param index="1">
              <value>
                <![CDATA["Optional[EmployeeController Feature]"]]>
              </value>
            </param>
          </params>
          <reporter-output>
          </reporter-output>
        </test-method> <!-- runScenario -->
        <test-method signature="runScenario(io.cucumber.testng.PickleWrapper,io.cucumber.testng.FeatureWrapper)[pri:0, instance:runner.TestRunner@4f638935]" started-at="2022-08-16T18:10:27 IST" name="runScenario" description="Runs Cucumber Scenarios" data-provider="scenarios" finished-at="2022-08-16T18:10:27 IST" duration-ms="274" status="PASS">
          <params>
            <param index="0">
              <value>
                <![CDATA["Verify that error is thrown when firstName is not given While Creating a Employee"]]>
              </value>
            </param>
            <param index="1">
              <value>
                <![CDATA["Optional[EmployeeController Feature]"]]>
              </value>
            </param>
          </params>
          <reporter-output>
          </reporter-output>
        </test-method> <!-- runScenario -->
        <test-method signature="runScenario(io.cucumber.testng.PickleWrapper,io.cucumber.testng.FeatureWrapper)[pri:0, instance:runner.TestRunner@4f638935]" started-at="2022-08-16T18:10:27 IST" name="runScenario" description="Runs Cucumber Scenarios" data-provider="scenarios" finished-at="2022-08-16T18:10:27 IST" duration-ms="260" status="PASS">
          <params>
            <param index="0">
              <value>
                <![CDATA["Verify that error is thrown when lastName is not given While Creating a Employee"]]>
              </value>
            </param>
            <param index="1">
              <value>
                <![CDATA["Optional[EmployeeController Feature]"]]>
              </value>
            </param>
          </params>
          <reporter-output>
          </reporter-output>
        </test-method> <!-- runScenario -->
        <test-method signature="runScenario(io.cucumber.testng.PickleWrapper,io.cucumber.testng.FeatureWrapper)[pri:0, instance:runner.TestRunner@4f638935]" started-at="2022-08-16T18:10:27 IST" name="runScenario" description="Runs Cucumber Scenarios" data-provider="scenarios" finished-at="2022-08-16T18:10:27 IST" duration-ms="239" status="PASS">
          <params>
            <param index="0">
              <value>
                <![CDATA["Verify that error is thrown when address is not given While Creating a Employee"]]>
              </value>
            </param>
            <param index="1">
              <value>
                <![CDATA["Optional[EmployeeController Feature]"]]>
              </value>
            </param>
          </params>
          <reporter-output>
          </reporter-output>
        </test-method> <!-- runScenario -->
        <test-method signature="runScenario(io.cucumber.testng.PickleWrapper,io.cucumber.testng.FeatureWrapper)[pri:0, instance:runner.TestRunner@4f638935]" started-at="2022-08-16T18:10:27 IST" name="runScenario" description="Runs Cucumber Scenarios" data-provider="scenarios" finished-at="2022-08-16T18:10:28 IST" duration-ms="247" status="PASS">
          <params>
            <param index="0">
              <value>
                <![CDATA["Verify that error is thrown when phoneNumber is not given While Creating a Employee"]]>
              </value>
            </param>
            <param index="1">
              <value>
                <![CDATA["Optional[EmployeeController Feature]"]]>
              </value>
            </param>
          </params>
          <reporter-output>
          </reporter-output>
        </test-method> <!-- runScenario -->
        <test-method signature="runScenario(io.cucumber.testng.PickleWrapper,io.cucumber.testng.FeatureWrapper)[pri:0, instance:runner.TestRunner@4f638935]" started-at="2022-08-16T18:10:28 IST" name="runScenario" description="Runs Cucumber Scenarios" data-provider="scenarios" finished-at="2022-08-16T18:10:28 IST" duration-ms="204" status="PASS">
          <params>
            <param index="0">
              <value>
                <![CDATA["Verify that error is thrown when ID is not given While Updating a Employee"]]>
              </value>
            </param>
            <param index="1">
              <value>
                <![CDATA["Optional[EmployeeController Feature]"]]>
              </value>
            </param>
          </params>
          <reporter-output>
          </reporter-output>
        </test-method> <!-- runScenario -->
        <test-method signature="runScenario(io.cucumber.testng.PickleWrapper,io.cucumber.testng.FeatureWrapper)[pri:0, instance:runner.TestRunner@4f638935]" started-at="2022-08-16T18:10:28 IST" name="runScenario" description="Runs Cucumber Scenarios" data-provider="scenarios" finished-at="2022-08-16T18:10:28 IST" duration-ms="185" status="PASS">
          <params>
            <param index="0">
              <value>
                <![CDATA["Verify that error is thrown when ID is not given While Deleting a Employee"]]>
              </value>
            </param>
            <param index="1">
              <value>
                <![CDATA["Optional[EmployeeController Feature]"]]>
              </value>
            </param>
          </params>
          <reporter-output>
          </reporter-output>
        </test-method> <!-- runScenario -->
        <test-method signature="runScenario(io.cucumber.testng.PickleWrapper,io.cucumber.testng.FeatureWrapper)[pri:0, instance:runner.TestRunner@4f638935]" started-at="2022-08-16T18:10:28 IST" name="runScenario" description="Runs Cucumber Scenarios" data-provider="scenarios" finished-at="2022-08-16T18:10:28 IST" duration-ms="257" status="PASS">
          <params>
            <param index="0">
              <value>
                <![CDATA["Verify that a user not able to get the details of Employees by using invalid endpoint"]]>
              </value>
            </param>
            <param index="1">
              <value>
                <![CDATA["Optional[EmployeeController Feature]"]]>
              </value>
            </param>
          </params>
          <reporter-output>
          </reporter-output>
        </test-method> <!-- runScenario -->
        <test-method signature="runScenario(io.cucumber.testng.PickleWrapper,io.cucumber.testng.FeatureWrapper)[pri:0, instance:runner.TestRunner@4f638935]" started-at="2022-08-16T18:10:28 IST" name="runScenario" description="Runs Cucumber Scenarios" data-provider="scenarios" finished-at="2022-08-16T18:10:29 IST" duration-ms="184" status="PASS">
          <params>
            <param index="0">
              <value>
                <![CDATA["Verify that error is thrown when firstName is not given While Updating a Employee"]]>
              </value>
            </param>
            <param index="1">
              <value>
                <![CDATA["Optional[EmployeeController Feature]"]]>
              </value>
            </param>
          </params>
          <reporter-output>
          </reporter-output>
        </test-method> <!-- runScenario -->
        <test-method signature="runScenario(io.cucumber.testng.PickleWrapper,io.cucumber.testng.FeatureWrapper)[pri:0, instance:runner.TestRunner@4f638935]" started-at="2022-08-16T18:10:29 IST" name="runScenario" description="Runs Cucumber Scenarios" data-provider="scenarios" finished-at="2022-08-16T18:10:29 IST" duration-ms="196" status="PASS">
          <params>
            <param index="0">
              <value>
                <![CDATA["Verify that error is thrown when lastName is not given While Updating a Employee"]]>
              </value>
            </param>
            <param index="1">
              <value>
                <![CDATA["Optional[EmployeeController Feature]"]]>
              </value>
            </param>
          </params>
          <reporter-output>
          </reporter-output>
        </test-method> <!-- runScenario -->
        <test-method signature="runScenario(io.cucumber.testng.PickleWrapper,io.cucumber.testng.FeatureWrapper)[pri:0, instance:runner.TestRunner@4f638935]" started-at="2022-08-16T18:10:29 IST" name="runScenario" description="Runs Cucumber Scenarios" data-provider="scenarios" finished-at="2022-08-16T18:10:29 IST" duration-ms="226" status="PASS">
          <params>
            <param index="0">
              <value>
                <![CDATA["Verify that a user able to get the details of Employees by using valid Endpoint"]]>
              </value>
            </param>
            <param index="1">
              <value>
                <![CDATA["Optional[EmployeeController Feature]"]]>
              </value>
            </param>
          </params>
          <reporter-output>
          </reporter-output>
        </test-method> <!-- runScenario -->
        <test-method signature="runScenario(io.cucumber.testng.PickleWrapper,io.cucumber.testng.FeatureWrapper)[pri:0, instance:runner.TestRunner@4f638935]" started-at="2022-08-16T18:10:29 IST" name="runScenario" description="Runs Cucumber Scenarios" data-provider="scenarios" finished-at="2022-08-16T18:10:29 IST" duration-ms="189" status="PASS">
          <params>
            <param index="0">
              <value>
                <![CDATA["Verify that error is thrown when phoneNumber is not given While Updating a Employee"]]>
              </value>
            </param>
            <param index="1">
              <value>
                <![CDATA["Optional[EmployeeController Feature]"]]>
              </value>
            </param>
          </params>
          <reporter-output>
          </reporter-output>
        </test-method> <!-- runScenario -->
        <test-method signature="runScenario(io.cucumber.testng.PickleWrapper,io.cucumber.testng.FeatureWrapper)[pri:0, instance:runner.TestRunner@4f638935]" started-at="2022-08-16T18:10:29 IST" name="runScenario" description="Runs Cucumber Scenarios" data-provider="scenarios" finished-at="2022-08-16T18:10:29 IST" duration-ms="221" status="PASS">
          <params>
            <param index="0">
              <value>
                <![CDATA["Verify that a user able to get the details of Employees without using ID"]]>
              </value>
            </param>
            <param index="1">
              <value>
                <![CDATA["Optional[EmployeeController Feature]"]]>
              </value>
            </param>
          </params>
          <reporter-output>
          </reporter-output>
        </test-method> <!-- runScenario -->
        <test-method is-config="true" signature="tearDownClass()[pri:0, instance:runner.TestRunner@4f638935]" started-at="2022-08-16T18:10:29 IST" name="tearDownClass" finished-at="2022-08-16T18:10:32 IST" duration-ms="2648" status="PASS">
          <reporter-output>
          </reporter-output>
        </test-method> <!-- tearDownClass -->
      </class> <!-- runner.TestRunner -->
    </test> <!-- EmployeeController -->
  </suite> <!-- Default Suite -->
</testng-results>
